<?xml version="1.0" encoding="UTF-8"?>
<!-- Generated by org.testng.reporters.JUnitXMLReporter -->
<testsuite hostname="DESKTOP-E8EDNI0" ignored="3" name="Test" tests="2" failures="0" timestamp="2022-11-08T21:31:03 IST" time="0.12" errors="0">
  <testcase name="usecase_of_groups3" time="0.011" classname="TestCases.Testcase1"/>
  <testcase name="usecase_of_groups4" time="0.008" classname="TestCases.Testcase1"/>
  <testcase name="usecase_of_group2" time="0.0" classname="TestCases.Testcase1">
    <ignored/>
  </testcase> <!-- usecase_of_group2 -->
  <testcase name="usecase_of_groups" time="0.0" classname="TestCases.Testcase1">
    <ignored/>
  </testcase> <!-- usecase_of_groups -->
  <testcase name="usecase_of_groups5" time="0.0" classname="TestCases.Testcase1">
    <ignored/>
  </testcase> <!-- usecase_of_groups5 -->
</testsuite> <!-- Test -->
